<?xml version="1.0" encoding="UTF-8"?>
<!-- Generated by org.testng.reporters.JUnitReportReporter -->
<testsuite hostname="LAPTOP-G9GMG9CD" failures="0" tests="1" name="day3.PathAndQueryParameters" time="2.412" errors="0" timestamp="2024-07-09T13:46:51 IST" skipped="0">
  <testcase classname="day3.PathAndQueryParameters" name="testQueryAndPathParameters" time="2.412"/>
</testsuite> <!-- day3.PathAndQueryParameters -->
