<?xml version="1.0" encoding="UTF-8"?>
<!-- Generated by org.testng.reporters.JUnitReportReporter -->
<testsuite hostname="LAPTOP-G9GMG9CD" failures="0" tests="4" name="day1.HTTPRequests" time="3.316" errors="0" timestamp="2024-07-07T11:28:30 IST" skipped="0">
  <testcase classname="day1.HTTPRequests" name="getUsers" time="1.585"/>
  <testcase classname="day1.HTTPRequests" name="createUser" time="0.675"/>
  <testcase classname="day1.HTTPRequests" name="updateUser" time="0.609"/>
  <testcase classname="day1.HTTPRequests" name="deleteUser" time="0.447"/>
</testsuite> <!-- day1.HTTPRequests -->
