<?xml version="1.0" encoding="UTF-8"?>
<!-- Generated by org.testng.reporters.JUnitReportReporter -->
<testsuite hostname="LAPTOP-G9GMG9CD" failures="0" tests="1" name="day3.LoggingDemo" time="3.866" errors="0" timestamp="2024-07-09T22:58:39 IST" skipped="0">
  <testcase classname="day3.LoggingDemo" name="testLogs" time="3.866"/>
</testsuite> <!-- day3.LoggingDemo -->
