<?xml version="1.0" encoding="UTF-8"?>
<!-- Generated by org.testng.reporters.JUnitReportReporter -->
<testsuite hostname="LAPTOP-G9GMG9CD" failures="0" tests="1" name="day2.PostRequestByPOJO" time="2.194" errors="0" timestamp="2024-07-08T20:35:47 IST" skipped="0">
  <testcase classname="day2.PostRequestByPOJO" name="testPostUsingPOJO" time="2.194"/>
</testsuite> <!-- day2.PostRequestByPOJO -->
