<?xml version="1.0" encoding="UTF-8"?>
<!-- Generated by org.testng.reporters.JUnitReportReporter -->
<testsuite hostname="LAPTOP-G9GMG9CD" failures="0" tests="1" name="day3.CookiesDemo" time="2.235" errors="0" timestamp="2024-07-09T13:27:47 IST" skipped="0">
  <testcase classname="day3.CookiesDemo" name="getCookiesInfo" time="2.235"/>
</testsuite> <!-- day3.CookiesDemo -->
