<?xml version="1.0" encoding="UTF-8"?>
<!-- Generated by org.testng.reporters.JUnitReportReporter -->
<testsuite hostname="LAPTOP-G9GMG9CD" failures="0" tests="1" name="day3.HeaderDemo" time="1.934" errors="0" timestamp="2024-07-09T22:48:03 IST" skipped="0">
  <testcase classname="day3.HeaderDemo" name="getHeader" time="1.934"/>
</testsuite> <!-- day3.HeaderDemo -->
